14:05:14.723 const letters = Array.from(document.body.querySelectorAll('h2'));
14:05:14.734 undefined
14:05:16.915 letters
14:05:16.921 [h2.jump]0: h2.jumpaccessKey: ""align: ""assignedSlot: nullattributes: NamedNodeMap {0: class, length: 1}baseURI: "file:///Users/sflemming/Work/repos/es6-for-everyone/exercise-spread.html"childElementCount: 0childNodes: [text]children: []classList: ["jump", value: "jump"]className: "jump"clientHeight: 86clientLeft: 0clientTop: 0clientWidth: 387contentEditable: "inherit"dataset: DOMStringMap {}dir: ""draggable: falsefirstChild: textfirstElementChild: nullhidden: falseid: ""innerHTML: "SPREADS!"innerText: "SPREADS!"isConnected: trueisContentEditable: falselang: ""lastChild: textlastElementChild: nulllocalName: "h2"namespaceURI: "http://www.w3.org/1999/xhtml"nextElementSibling: scriptnextSibling: textnodeName: "H2"nodeType: 1nodeValue: nullnonce: ""offsetHeight: 86offsetLeft: 505offsetParent: bodyoffsetTop: 154offsetWidth: 387onabort: nullonauxclick: nullonbeforecopy: nullonbeforecut: nullonbeforepaste: nullonblur: nulloncancel: nulloncanplay: nulloncanplaythrough: nullonchange: nullonclick: nullonclose: nulloncontextmenu: nulloncopy: nulloncuechange: nulloncut: nullondblclick: nullondrag: nullondragend: nullondragenter: nullondragleave: nullondragover: nullondragstart: nullondrop: nullondurationchange: nullonemptied: nullonended: nullonerror: nullonfocus: nullongotpointercapture: nulloninput: nulloninvalid: nullonkeydown: nullonkeypress: nullonkeyup: nullonload: nullonloadeddata: nullonloadedmetadata: nullonloadstart: nullonlostpointercapture: nullonmousedown: nullonmouseenter: nullonmouseleave: nullonmousemove: nullonmouseout: nullonmouseover: nullonmouseup: nullonmousewheel: nullonpaste: nullonpause: nullonplay: nullonplaying: nullonpointercancel: nullonpointerdown: nullonpointerenter: nullonpointerleave: nullonpointermove: nullonpointerout: nullonpointerover: nullonpointerup: nullonprogress: nullonratechange: nullonreset: nullonresize: nullonscroll: nullonsearch: nullonseeked: nullonseeking: nullonselect: nullonselectstart: nullonstalled: nullonsubmit: nullonsuspend: nullontimeupdate: nullontoggle: nullonvolumechange: nullonwaiting: nullonwebkitfullscreenchange: nullonwebkitfullscreenerror: nullonwheel: nullouterHTML: "<h2 class="jump">SPREADS!</h2>"outerText: "SPREADS!"ownerDocument: documentparentElement: bodyparentNode: bodyprefix: nullpreviousElementSibling: nullpreviousSibling: textscrollHeight: 86scrollLeft: 0scrollTop: 0scrollWidth: 387shadowRoot: nullslot: ""spellcheck: truestyle: CSSStyleDeclaration {alignContent: "", alignItems: "", alignSelf: "", alignmentBaseline: "", all: "", …}tabIndex: -1tagName: "H2"textContent: "SPREADS!"title: ""translate: true__proto__: HTMLHeadingElementlength: 1__proto__: Array(0)
14:05:39.675 console.log(document.body.querySelectorAll('h2'));
14:05:39.676 VM168:1 [h2.jump]0: h2.jumpaccessKey: ""align: ""assignedSlot: nullattributes: NamedNodeMap {0: class, length: 1}baseURI: "file:///Users/sflemming/Work/repos/es6-for-everyone/exercise-spread.html"childElementCount: 0childNodes: [text]children: []classList: ["jump", value: "jump"]className: "jump"clientHeight: 86clientLeft: 0clientTop: 0clientWidth: 387contentEditable: "inherit"dataset: DOMStringMap {}__proto__: DOMStringMapdir: ""draggable: falsefirstChild: textassignedSlot: nullbaseURI: "file:///Users/sflemming/Work/repos/es6-for-everyone/exercise-spread.html"childNodes: []data: "SPREADS!"firstChild: nullisConnected: truelastChild: nulllength: 8nextElementSibling: nullnextSibling: nullnodeName: "#text"nodeType: 3nodeValue: "SPREADS!"ownerDocument: documentparentElement: h2.jumpparentNode: h2.jumppreviousElementSibling: nullpreviousSibling: nulltextContent: "SPREADS!"wholeText: "SPREADS!"__proto__: TextfirstElementChild: nullhidden: falseid: ""innerHTML: "SPREADS!"innerText: "SPREADS!"isConnected: trueisContentEditable: falselang: ""lastChild: textlastElementChild: nulllocalName: "h2"namespaceURI: "http://www.w3.org/1999/xhtml"nextElementSibling: scriptnextSibling: textnodeName: "H2"nodeType: 1nodeValue: nullnonce: ""offsetHeight: 86offsetLeft: 505offsetParent: bodyoffsetTop: 154offsetWidth: 387onabort: nullonauxclick: nullonbeforecopy: nullonbeforecut: nullonbeforepaste: nullonblur: nulloncancel: nulloncanplay: nulloncanplaythrough: nullonchange: nullonclick: nullonclose: nulloncontextmenu: nulloncopy: nulloncuechange: nulloncut: nullondblclick: nullondrag: nullondragend: nullondragenter: nullondragleave: nullondragover: nullondragstart: nullondrop: nullondurationchange: nullonemptied: nullonended: nullonerror: nullonfocus: nullongotpointercapture: nulloninput: nulloninvalid: nullonkeydown: nullonkeypress: nullonkeyup: nullonload: nullonloadeddata: nullonloadedmetadata: nullonloadstart: nullonlostpointercapture: nullonmousedown: nullonmouseenter: nullonmouseleave: nullonmousemove: nullonmouseout: nullonmouseover: nullonmouseup: nullonmousewheel: nullonpaste: nullonpause: nullonplay: nullonplaying: nullonpointercancel: nullonpointerdown: nullonpointerenter: nullonpointerleave: nullonpointermove: nullonpointerout: nullonpointerover: nullonpointerup: nullonprogress: nullonratechange: nullonreset: nullonresize: nullonscroll: nullonsearch: nullonseeked: nullonseeking: nullonselect: nullonselectstart: nullonstalled: nullonsubmit: nullonsuspend: nullontimeupdate: nullontoggle: nullonvolumechange: nullonwaiting: nullonwebkitfullscreenchange: nullonwebkitfullscreenerror: nullonwheel: nullouterHTML: "<h2 class="jump">SPREADS!</h2>"outerText: "SPREADS!"ownerDocument: documentparentElement: bodyparentNode: bodyprefix: nullpreviousElementSibling: nullpreviousSibling: textscrollHeight: 86scrollLeft: 0scrollTop: 0scrollWidth: 387shadowRoot: nullslot: ""spellcheck: truestyle: CSSStyleDeclaration {alignContent: "", alignItems: "", alignSelf: "", alignmentBaseline: "", all: "", …}tabIndex: -1tagName: "H2"textContent: "SPREADS!"title: ""translate: true__proto__: HTMLHeadingElementlength: 1__proto__: NodeList
14:05:39.681 undefined
14:05:44.916 console.log(document.body.querySelectorAll('h2').textContent);
14:05:44.917 VM181:1 undefined
14:05:44.919 undefined
14:06:50.268 console.log(document.body.querySelectorAll('h2').innerHTML);
14:06:50.269 VM254:1 undefined
14:06:50.272 undefined
14:07:03.882 console.log(document.body.querySelector('h2').innerHTML);
14:07:03.883 VM264:1 SPREADS!
14:07:03.886 undefined
14:07:31.738 const lettersTwo = Array.from(document.body.querySelector('h2').innerHTML);
14:07:31.743 undefined
14:07:34.506 lettersTwo
14:07:34.511 (8) ["S", "P", "R", "E", "A", "D", "S", "!"]
14:08:09.875 // map out with a template string that has each letter in a <span> yeah?
14:08:09.877 undefined
14:09:42.712 lettersTwo.map(letter => `<span>${letter}</span>`);
14:09:42.716 (8) ["<span>S</span>", "<span>P</span>", "<span>R</span>", "<span>E</span>", "<span>A</span>", "<span>D</span>", "<span>S</span>", "<span>!</span>"]
14:13:47.901 const newH2 = `
	${lettersTwo.map(
		<span>
			${letter}
		</span>
	  ).join(',')}
	
`;
14:13:47.906 VM588:3 Uncaught SyntaxError: Unexpected token <
14:14:13.663 const newH2 = `
	${lettersTwo.map(letter => 
		<span>
			${letter}
		</span>
	  ).join(',')}
	
`;
14:14:13.667 VM601:3 Uncaught SyntaxError: Unexpected token <
14:14:24.825 const newH2 = `
	${lettersTwo.map(letter => `
		<span>
			${letter}
		</span>`
	  ).join(',')}
	
`;
14:14:24.830 undefined
14:14:43.477 console.log(newH2);
14:14:43.478 VM648:1 
	
		<span>
			S
		</span>,
		<span>
			P
		</span>,
		<span>
			R
		</span>,
		<span>
			E
		</span>,
		<span>
			A
		</span>,
		<span>
			D
		</span>,
		<span>
			S
		</span>,
		<span>
			!
		</span>
	

14:14:43.482 undefined
14:14:50.631 const newH2 = `
	${lettersTwo.map(letter => `
		<span>
			${letter}
		</span>`
	  ).join('')}
	
`;
14:14:50.635 VM649:1 Uncaught SyntaxError: Identifier 'newH2' has already been declared
    at <anonymous>:1:1
(anonymous) @ VM649:1
14:14:59.318 const thirdH2 = `
	${lettersTwo.map(letter => `
		<span>
			${letter}
		</span>`
	  ).join('')}
	
`;
14:14:59.322 undefined
14:15:15.167 document.body.innerHTML = thirdH2;
14:15:15.174 "
	
		<span>
			S
		</span>
		<span>
			P
		</span>
		<span>
			R
		</span>
		<span>
			E
		</span>
		<span>
			A
		</span>
		<span>
			D
		</span>
		<span>
			S
		</span>
		<span>
			!
		</span>
	
"
14:36:32.428 const newestH2 = `
	<h2>
		${lettersTwo.map(letter => `
			<span>
				${letter}
			</span>`
	  	).join('')}
	</h2>
`;
14:36:32.433 undefined
14:36:38.997 document.body.innerHTML = newestH2;
14:36:39.003 "
	<h2>
		
			<span>
				S
			</span>
			<span>
				P
			</span>
			<span>
				R
			</span>
			<span>
				E
			</span>
			<span>
				A
			</span>
			<span>
				D
			</span>
			<span>
				S
			</span>
			<span>
				!
			</span>
	</h2>
"
14:37:14.819 const finalH2 = `
	<h2 class="jump">
		${lettersTwo.map(letter => `
			<span>
				${letter}
			</span>`
	  	).join('')}
	</h2>
`;
14:37:14.823 undefined
14:37:19.498 document.body.innerHTML = finalH2;
14:37:19.503 "
	<h2 class="jump">
		
			<span>
				S
			</span>
			<span>
				P
			</span>
			<span>
				R
			</span>
			<span>
				E
			</span>
			<span>
				A
			</span>
			<span>
				D
			</span>
			<span>
				S
			</span>
			<span>
				!
			</span>
	</h2>
"
14:38:09.046 // hmm. not working.

// But also, the thing is: I didn't actually use a spread operator, so let's revisit that, first.
14:38:09.052 undefined
14:39:56.092 // peeked at the answer, that's cool!
14:39:56.095 undefined
14:40:02.875 const heading = document.querySelector('.jump');
14:40:02.880 undefined
14:40:09.828 heading.innerHTML = sparanWrap(heading.textContent);
14:40:09.834 VM1314:1 Uncaught ReferenceError: sparanWrap is not defined
    at <anonymous>:1:1
(anonymous) @ VM1314:1
14:40:44.434 // oops, sometimes I forget you can have things "out of order" in the HTML file but not when you're pasting into the console.
14:40:44.440 undefined
14:40:45.640   function sparanWrap(word) {
    return [...word].map(letter => `<span>${letter}</span>`).join('');
  }
14:40:45.646 undefined
14:41:01.546 heading.innerHTML = sparanWrap(heading.textContent);
14:41:01.571 "<span>
</span><span>	</span><span>	</span><span>
</span><span>	</span><span>	</span><span>	</span><span>
</span><span>	</span><span>	</span><span>	</span><span>	</span><span>S</span><span>
</span><span>	</span><span>	</span><span>	</span><span>
</span><span>	</span><span>	</span><span>	</span><span>
</span><span>	</span><span>	</span><span>	</span><span>	</span><span>P</span><span>
</span><span>	</span><span>	</span><span>	</span><span>
</span><span>	</span><span>	</span><span>	</span><span>
</span><span>	</span><span>	</span><span>	</span><span>	</span><span>R</span><span>
</span><span>	</span><span>	</span><span>	</span><span>
</span><span>	</span><span>	</span><span>	</span><span>
</span><span>	</span><span>	</span><span>	</span><span>	</span><span>E</span><span>
</span><span>	</span><span>	</span><span>	</span><span>
</span><span>	</span><span>	</span><span>	</span><span>
</span><span>	</span><span>	</span><span>	</span><span>	</span><span>A</span><span>
</span><span>	</span><span>	</span><span>	</span><span>
</span><span>	</span><span>	</span><span>	</span><span>
</span><span>	</span><span>	</span><span>	</span><span>	</span><span>D</span><span>
</span><span>	</span><span>	</span><span>	</span><span>
</span><span>	</span><span>	</span><span>	</span><span>
</span><span>	</span><span>	</span><span>	</span><span>	</span><span>S</span><span>
</span><span>	</span><span>	</span><span>	</span><span>
</span><span>	</span><span>	</span><span>	</span><span>
</span><span>	</span><span>	</span><span>	</span><span>	</span><span>!</span><span>
</span><span>	</span><span>	</span><span>	</span><span>
</span><span>	</span>"
